TN:
SF:script/Counter.s.sol
FN:7,CounterScript.setUp
FNDA:0,CounterScript.setUp
FN:9,CounterScript.run
FNDA:0,CounterScript.run
DA:10,0
FNF:2
FNH:0
LF:1
LH:0
BRF:0
BRH:0
end_of_record
TN:
SF:src/Counter.sol
FN:7,Counter.setNumber
FNDA:0,Counter.setNumber
DA:8,0
FN:11,Counter.increment
FNDA:0,Counter.increment
DA:12,0
FNF:2
FNH:0
LF:2
LH:0
BRF:0
BRH:0
end_of_record
TN:
SF:src/Exchange.sol
FN:13,Exchange.addLiquidity
FNDA:3,Exchange.addLiquidity
DA:14,3
DA:15,3
BRDA:15,0,0,-
BRDA:15,0,1,3
DA:16,3
DA:17,3
DA:21,0
DA:22,0
BRDA:22,1,0,-
BRDA:22,1,1,-
DA:23,0
DA:24,0
DA:25,0
FN:29,Exchange.getReserve
FNDA:3,Exchange.getReserve
DA:30,8
FN:33,Exchange.getPrice
FNDA:0,Exchange.getPrice
DA:34,0
BRDA:34,2,0,-
BRDA:34,2,1,-
DA:35,0
FN:38,Exchange.getAmount
FNDA:2,Exchange.getAmount
DA:39,2
BRDA:39,3,0,-
BRDA:39,3,1,2
DA:40,2
DA:41,2
DA:42,2
DA:43,2
FN:46,Exchange.getTokenAmount
FNDA:1,Exchange.getTokenAmount
DA:47,1
BRDA:47,4,0,-
BRDA:47,4,1,1
DA:48,1
DA:49,1
FN:52,Exchange.getEthAmount
FNDA:1,Exchange.getEthAmount
DA:53,1
BRDA:53,5,0,-
BRDA:53,5,1,1
DA:54,1
DA:55,1
FN:58,Exchange.ethToTokenSwap
FNDA:0,Exchange.ethToTokenSwap
DA:59,0
DA:60,0
DA:61,0
BRDA:61,6,0,-
BRDA:61,6,1,-
DA:62,0
FN:65,Exchange.tokenToEthSwap
FNDA:0,Exchange.tokenToEthSwap
DA:66,0
DA:67,0
DA:68,0
BRDA:68,7,0,-
BRDA:68,7,1,-
DA:69,0
DA:70,0
FNF:8
FNH:5
LF:32
LH:16
BRF:16
BRH:4
end_of_record
